
A T O M   T Y P E S

IDX	TYPE	RING
1	H_	NO
2	C_3	AL
3	C_3	AL
4	C_3	AL
5	C_3	AL
6	C_3	NO
7	C_2	AL
8	C_2	AL
9	C_2	AL
10	C_2	AL
11	C_3	AL
12	C_3	NO
13	C_3	AL
14	C_3	NO
15	C_3	NO
16	C_3	AL
17	C_3	AL
18	C_3	AL
19	O_3	NO
20	C_3	AL
21	C_2	AL
22	O_2	NO
23	O_2	AL
24	O_2	NO
25	C_2	NO
26	O_2	NO
27	C_3	NO
28	C_3	NO
29	C_3	NO
30	C_3	NO
31	C_3	NO
32	H_	NO
33	H_	NO
34	H_	NO
35	H_	NO
36	H_	NO
37	H_	NO
38	H_	NO
39	H_	NO
40	H_	NO
41	H_	NO
42	H_	NO
43	H_	NO
44	H_	NO
45	H_	NO
46	H_	NO
47	H_	NO
48	H_	NO
49	H_	NO
50	H_	NO
51	H_	NO
52	H_	NO
53	H_	NO
54	H_	NO
55	H_	NO
56	H_	NO
57	H_	NO
58	H_	NO
59	H_	NO
60	H_	NO
61	H_	NO
62	H_	NO
63	H_	NO
64	H_	NO
65	H_	NO
66	H_	NO
67	H_	NO
68	H_	NO

S E T T I N G   U P   C A L C U L A T I O N S

SETTING UP BOND CALCULATIONS...
SETTING UP ANGLE CALCULATIONS...
SETTING UP TORSION CALCULATIONS...
SETTING UP OOP CALCULATIONS...
SETTING UP VAN DER WAALS CALCULATIONS...

S T E E P E S T   D E S C E N T

STEPS = 10000

STEP n       E(n)         E(n-1)    
------------------------------------
    0     544.588      ----
   10    457.91394    459.40466
   20    447.93124    448.70471
   30    441.48937    442.05435
   40    436.47262    436.93179
   50    432.27544    432.66728
   60    428.64086    428.98366
   70    425.43548    425.73955
   80    422.57821    422.85025
   90    420.01306    420.25794
  100    417.69750    417.91906
  110    415.59718    415.79858
  120    413.68326    413.86717
  130    411.93106    412.09979
  140    410.31935    410.47489
  150    408.82975    408.97382
  160    407.44642    407.58050
  170    406.15575    406.28111
  180    404.94605    405.06378
  190    403.80733    403.91837
  200    402.73110    402.83622
  210    401.71011    401.80999
  220    400.73821    400.83343
  230    399.81020    399.90124
  240    398.92165    399.00892
  250    398.06883    398.15267
  260    397.24854    397.32926
  270    396.45809    396.53593
  280    395.69517    395.77034
  290    394.95780    395.03050
  300    394.24429    394.31467
  310    393.55320    393.62139
  320    392.88325    392.94938
  330    392.23334    392.29751
  340    391.60250    391.66480
  350    390.98990    391.05041
  360    390.39475    390.45355
  370    389.81640    389.87355
  380    389.25422    389.30977
  390    388.70765    388.76167
  400    388.17619    388.22871
  410    387.65935    387.71043
  420    387.15669    387.20637
  430    386.66779    386.71611
  440    386.19226    386.23926
  450    385.72973    385.77544
  460    385.27982    385.32429
  470    384.84219    384.88545
  480    384.41651    384.45859
  490    384.00245    384.04337
  500    383.59967    383.63948
  510    383.20788    383.24661
  520    382.82676    382.86443
  530    382.45601    382.49266
  540    382.09533    382.13098
  550    381.74442    381.77911
  560    381.40300    381.43675
  570    381.07078    381.10362
  580    380.74747    380.77944
  590    380.43279    380.46391
  600    380.12648    380.15677
  610    379.82824    379.85773
  620    379.53782    379.56654
  630    379.25494    379.28293
  640    378.97935    379.00662
  650    378.71079    378.73736
  660    378.44899    378.47490
  670    378.19371    378.21898
  680    377.94470    377.96935
  690    377.70170    377.72576
  700    377.46449    377.48799
  710    377.23283    377.25578
  720    377.00647    377.02890
  730    376.78519    376.80712
  740    376.56875    376.59021
  750    376.35694    376.37795
  760    376.14954    376.17011
  770    375.94631    375.96648
  780    375.74706    375.76683
  790    375.55155    375.57096
  800    375.35958    375.37865
  810    375.17094    375.18968
  820    374.98541    375.00386
  830    374.80279    374.82095
  840    374.62286    374.64077
  850    374.44542    374.46308
  860    374.27024    374.28769
  870    374.09712    374.11437
  880    373.92584    373.94291
  890    373.75616    373.77309
  900    373.58789    373.60468
  910    373.42536    373.43992
  920    373.32254    373.33120
  930    373.23680    373.24533
  940    373.15208    373.16052
  950    373.06832    373.07666
  960    372.98548    372.99372
  970    372.90351    372.91167
  980    372.82239    372.83047
  990    372.74209    372.75009
 1000    372.66256    372.67048
 1010    372.58379    372.59164
 1020    372.50573    372.51351
 1030    372.42836    372.43607
 1040    372.35165    372.35930
 1050    372.27557    372.28316
 1060    372.20010    372.20762
 1070    372.12519    372.13266
 1080    372.05084    372.05825
 1090    371.97700    371.98437
 1100    371.90366    371.91098
 1110    371.83079    371.83806
 1120    371.75836    371.76559
 1130    371.68635    371.69353
 1140    371.61473    371.62188
 1150    371.54348    371.55059
 1160    371.47257    371.47965
 1170    371.40198    371.40903
 1180    371.33169    371.33871
 1190    371.26167    371.26867
 1200    371.19190    371.19887
 1210    371.12235    371.12930
 1220    371.05299    371.05993
 1230    370.98382    370.99073
 1240    370.91479    370.92169
 1250    370.84588    370.85277
 1260    370.77708    370.78396
 1270    370.70835    370.71522
 1280    370.63967    370.64654
 1290    370.57100    370.57787
 1300    370.50233    370.50921
 1310    370.43363    370.44051
 1320    370.36486    370.37175
 1330    370.29600    370.30290
 1340    370.22701    370.23392
 1350    370.15787    370.16480
 1360    370.08853    370.09548
 1370    370.01897    370.02594
 1380    369.94914    369.95614
 1390    369.87901    369.88604
 1400    369.80853    369.81560
 1410    369.73766    369.74478
 1420    369.66636    369.67352
 1430    369.59457    369.60178
 1440    369.52224    369.52951
 1450    369.44931    369.45664
 1460    369.37572    369.38312
 1470    369.30141    369.30888
 1480    369.22630    369.23386
 1490    369.15223    369.15908
 1500    369.09966    369.10414
 1510    369.05528    369.05971
 1520    369.01100    369.01543
 1530    368.96674    368.97117
 1540    368.92250    368.92692
 1550    368.87825    368.88268
 1560    368.83400    368.83843
 1570    368.78973    368.79416
 1580    368.74544    368.74987
 1590    368.70111    368.70555
 1600    368.65674    368.66119
 1610    368.61232    368.61677
 1620    368.56784    368.57229
 1630    368.52328    368.52774
 1640    368.47863    368.48310
 1650    368.43388    368.43837
 1660    368.38903    368.39352
 1670    368.34405    368.34856
 1680    368.29894    368.30346
 1690    368.25368    368.25821
 1700    368.20825    368.21280
 1710    368.16264    368.16721
 1720    368.11684    368.12143
 1730    368.07081    368.07543
 1740    368.02456    368.02920
 1750    367.97806    367.98272
 1760    367.93128    367.93597
 1770    367.88420    367.88893
 1780    367.83681    367.84157
 1790    367.78908    367.79387
 1800    367.74097    367.74580
 1810    367.69246    367.69734
 1820    367.64353    367.64845
 1830    367.59413    367.59910
 1840    367.54423    367.54925
 1850    367.49380    367.49887
 1860    367.44278    367.44792
 1870    367.39114    367.39634
 1880    367.33882    367.34409
 1890    367.28577    367.29112
 1900    367.23193    367.23736
 1910    367.17723    367.18275
 1920    367.12160    367.12721
 1930    367.06495    367.07067
 1940    367.00721    367.01304
 1950    366.94826    366.95422
 1960    366.88799    366.89409
 1970    366.82632    366.83255
 1980    366.77056    366.77467
 1990    366.73538    366.73878
 2000    366.70127    366.70469
 2010    366.66696    366.67040
 2020    366.63245    366.63591
 2030    366.59771    366.60120
 2040    366.56274    366.56625
 2050    366.52752    366.53106
 2060    366.49203    366.49559
 2070    366.45625    366.45984
 2080    366.42017    366.42379
 2090    366.38376    366.38742
 2100    366.34701    366.35070
 2110    366.30988    366.31361
 2120    366.27236    366.27613
 2130    366.23442    366.23823
 2140    366.19602    366.19989
 2150    366.15714    366.16106
 2160    366.11774    366.12171
 2170    366.07779    366.08182
 2180    366.03724    366.04133
 2190    365.99605    366.00020
 2200    365.95417    365.95839
 2210    365.91154    365.91584
 2220    365.86811    365.87249
 2230    365.82380    365.82828
 2240    365.77856    365.78313
 2250    365.73228    365.73697
 2260    365.68489    365.68969
 2270    365.63627    365.64120
 2280    365.58632    365.59139
 2290    365.53488    365.54011
 2300    365.48182    365.48722
 2310    365.42696    365.43254
 2320    365.37008    365.37588
 2330    365.31096    365.31699
 2340    365.25647    365.26014
 2350    365.22633    365.22925
 2360    365.19697    365.19992
 2370    365.16728    365.17027
 2380    365.13724    365.14027
 2390    365.10684    365.10990
 2400    365.07603    365.07913
 2410    365.04480    365.04795
 2420    365.01312    365.01631
 2430    364.98095    364.98419
 2440    364.94826    364.95156
 2450    364.91502    364.91837
 2460    364.88118    364.88459
 2470    364.84669    364.85017
 2480    364.81151    364.81507
 2490    364.77558    364.77921
 2500    364.73884    364.74256
 2510    364.70122    364.70503
 2520    364.66264    364.66655
 2530    364.62302    364.62704
 2540    364.58225    364.58639
 2550    364.54023    364.54451
 2560    364.49684    364.50125
 2570    364.45191    364.45649
 2580    364.40529    364.41005
 2590    364.35678    364.36174
 2600    364.30615    364.31133
 2610    364.25311    364.25855
 2620    364.19735    364.20308
 2630    364.13850    364.14455
 2640    364.08957    364.09239
 2650    364.06312    364.06576
 2660    364.03646    364.03915
 2670    364.00937    364.01210
 2680    363.98182    363.98460
 2690    363.95378    363.95661
 2700    363.92521    363.92809
 2710    363.89606    363.89901
 2720    363.86630    363.86931
 2730    363.83586    363.83894
 2740    363.80470    363.80786
 2750    363.77275    363.77599
 2760    363.73995    363.74328
 2770    363.70620    363.70963
 2780    363.67143    363.67497
 2790    363.63553    363.63919
 2800    363.59839    363.60217
 2810    363.55987    363.56380
 2820    363.51981    363.52390
 2830    363.47805    363.48232
 2840    363.43435    363.43883
 2850    363.38849    363.39319
 2860    363.34014    363.34512
 2870    363.28896    363.29424
 2880    363.23448    363.24012
 2890    363.17617    363.18222
 2900    363.11807    363.12202
 2910    363.09187    363.09431
 2920    363.06728    363.06976
 2930    363.04219    363.04473
 2940    363.01659    363.01918
 2950    362.99040    362.99305
 2960    362.96360    362.96632
 2970    362.93612    362.93891
 2980    362.90790    362.91076
 2990    362.87887    362.88182
 3000    362.84896    362.85200
 3010    362.81806    362.82121
 3020    362.78609    362.78935
 3030    362.75292    362.75631
 3040    362.71842    362.72195
 3050    362.68244    362.68612
 3060    362.64478    362.64864
 3070    362.60523    362.60929
 3080    362.56353    362.56782
 3090    362.51936    362.52392
 3100    362.47235    362.47721
 3110    362.42201    362.42723
 3120    362.36774    362.37339
 3130    362.30876    362.31493
 3140    362.24632    362.25155
 3150    362.21923    362.22149
 3160    362.19639    362.19871
 3170    362.17305    362.17541
 3180    362.14913    362.15156
 3190    362.12461    362.12710
 3200    362.09940    362.10196
 3210    362.07345    362.07609
 3220    362.04668    362.04940
 3230    362.01900    362.02182
 3240    361.99030    361.99323
 3250    361.96049    361.96353
 3260    361.92941    361.93259
 3270    361.89691    361.90024
 3280    361.86282    361.86632
 3290    361.82690    361.83060
 3300    361.78890    361.79282
 3310    361.74850    361.75267
 3320    361.70529    361.70977
 3330    361.65879    361.66363
 3340    361.60838    361.61365
 3350    361.55322    361.55901
 3360    361.49225    361.49869
 3370    361.43934    361.44162
 3380    361.41816    361.42030
 3390    361.39658    361.39877
 3400    361.37444    361.37669
 3410    361.35169    361.35400
 3420    361.32827    361.33065
 3430    361.30410    361.30656
 3440    361.27910    361.28165
 3450    361.25316    361.25581
 3460    361.22618    361.22894
 3470    361.19802    361.20091
 3480    361.16854    361.17156
 3490    361.13754    361.14073
 3500    361.10482    361.10819
 3510    361.07011    361.07370
 3520    361.03310    361.03693
 3530    360.99337    360.99750
 3540    360.95045    360.95493
 3550    360.90368    360.90858
 3560    360.85224    360.85766
 3570    360.79498    360.80105
 3580    360.73164    360.73759
 3590    360.70476    360.70680
 3600    360.68408    360.68618
 3610    360.66280    360.66496
 3620    360.64085    360.64308
 3630    360.61815    360.62047
 3640    360.59462    360.59702
 3650    360.57014    360.57264
 3660    360.54459    360.54721
 3670    360.51782    360.52057
 3680    360.48967    360.49256
 3690    360.45992    360.46298
 3700    360.42832    360.43159
 3710    360.39458    360.39807
 3720    360.35830    360.36207
 3730    360.31901    360.32311
 3740    360.27609    360.28059
 3750    360.22872    360.23372
 3760    360.17580    360.18142
 3770    360.11580    360.12223
 3780    360.05727    360.05971
 3790    360.03776    360.03971
 3800    360.01805    360.02006
 3810    359.99772    359.99979
 3820    359.97668    359.97883
 3830    359.95484    359.95707
 3840    359.93209    359.93442
 3850    359.90831    359.91075
 3860    359.88334    359.88590
 3870    359.85700    359.85971
 3880    359.82908    359.83196
 3890    359.79931    359.80239
 3900    359.76737    359.77069
 3910    359.73284    359.73645
 3920    359.69521    359.69916
 3930    359.65378    359.65815
 3940    359.60762    359.61252
 3950    359.55547    359.56105
 3960    359.49549    359.50197
 3970    359.43668    359.43894
 3980    359.41836    359.42020
 3990    359.39971    359.40161
 4000    359.38042    359.38239
 4010    359.36041    359.36245
 4020    359.33956    359.34170
 4030    359.31777    359.32000
 4040    359.29487    359.29722
 4050    359.27069    359.27318
 4060    359.24503    359.24768
 4070    359.21762    359.22047
 4080    359.18815    359.19122
 4090    359.15620    359.15954
 4100    359.12126    359.12493
 4110    359.08261    359.08670
 4120    359.03934    359.04394
 4130    358.99011    358.99540
 4140    358.93302    358.93922
 4150    358.86883    358.87329
 4160    358.84939    358.85104
 4170    358.83269    358.83439
 4180    358.81548    358.81723
 4190    358.79768    358.79950
 4200    358.77921    358.78110
 4210    358.75995    358.76192
 4220    358.73978    358.74185
 4230    358.71855    358.72074
 4240    358.69609    358.69841
 4250    358.67217    358.67465
 4260    358.64653    358.64919
 4270    358.61883    358.62172
 4280    358.58863    358.59180
 4290    358.55537    358.55888
 4300    358.51828    358.52222
 4310    358.47632    358.48081
 4320    358.42797    358.43320
 4330    358.37096    358.37721
 4340    358.32093    358.32254
 4350    358.30541    358.30699
 4360    358.28942    358.29105
 4370    358.27287    358.27456
 4380    358.25566    358.25742
 4390    358.23769    358.23953
 4400    358.21882    358.22076
 4410    358.19890    358.20095
 4420    358.17774    358.17993
 4430    358.15510    358.15745
 4440    358.13069    358.13324
 4450    358.10414    358.10693
 4460    358.07496    358.07804
 4470    358.04250    358.04594
 4480    358.00585    358.00977
 4490    357.96375    357.96829
 4500    357.91428    357.91969
 4510    357.85451    357.86111
 4520    357.82231    357.82377
 4530    357.80756    357.80907
 4540    357.79229    357.79385
 4550    357.77639    357.77802
 4560    357.75977    357.76148
 4570    357.74228    357.74408
 4580    357.72376    357.72568
 4590    357.70403    357.70607
 4600    357.68282    357.68503
 4610    357.65984    357.66224
 4620    357.63470    357.63734
 4630    357.60696    357.60989
 4640    357.57603    357.57931
 4650    357.54112    357.54485
 4660    357.50118    357.50548
 4670    357.45462    357.45969
 4680    357.40213    357.40590
 4690    357.38563    357.38704
 4700    357.37119    357.37267
 4710    357.35611    357.35766
 4720    357.34025    357.34188
 4730    357.32346    357.32519
 4740    357.30558    357.30743
 4750    357.28642    357.28841
 4760    357.26577    357.26792
 4770    357.24337    357.24571
 4780    357.21891    357.22148
 4790    357.19199    357.19483
 4800    357.16209    357.16526
 4810    357.12854    357.13211
 4820    357.09041    357.09449
 4830    357.04641    357.05117
 4840    357.00464    357.00618
 4850    356.99153    356.99286
 4860    356.97800    356.97939
 4870    356.96381    356.96527
 4880    356.94884    356.95038
 4890    356.93299    356.93463
 4900    356.91612    356.91787
 4910    356.89809    356.89996
 4920    356.87872    356.88073
 4930    356.85779    356.85997
 4940    356.83506    356.83743
 4950    356.81021    356.81282
 4960    356.78286    356.78574
 4970    356.75252    356.75573
 4980    356.71854    356.72215
 4990    356.68004    356.68416
 5000    356.63800    356.64113
 5010    356.62382    356.62504
 5020    356.61148    356.61274
 5030    356.59854    356.59987
 5040    356.58494    356.58634
 5050    356.57058    356.57206
 5060    356.55536    356.55693
 5070    356.53917    356.54085
 5080    356.52188    356.52367
 5090    356.50334    356.50526
 5100    356.48338    356.48546
 5110    356.46180    356.46405
 5120    356.43836    356.44081
 5130    356.41275    356.41544
 5140    356.38461    356.38757
 5150    356.35347    356.35676
 5160    356.31872    356.32241
 5170    356.28916    356.29039
 5180    356.27746    356.27866
 5190    356.26528    356.26653
 5200    356.25246    356.25378
 5210    356.23893    356.24032
 5220    356.22461    356.22609
 5230    356.20941    356.21098
 5240    356.19323    356.19491
 5250    356.17569    356.17755
 5260    356.15581    356.15794
 5270    356.13280    356.13530
 5280    356.10581    356.10870
 5290    356.07556    356.07875
 5300    356.04520    356.04689
 5310    356.03386    356.03495
 5320    356.02268    356.02383
 5330    356.01094    356.01215
 5340    355.99840    355.99971
 5350    355.98468    355.98613
 5360    355.96946    355.97108
 5370    355.95228    355.95412
 5380    355.93252    355.93466
 5390    355.90919    355.91175
 5400    355.88077    355.88395
 5410    355.84461    355.84876
 5420    355.82042    355.82129
 5430    355.81159    355.81249
 5440    355.80240    355.80334
 5450    355.79281    355.79380
 5460    355.78257    355.78363
 5470    355.77151    355.77267
 5480    355.75942    355.76069
 5490    355.74600    355.74742
 5500    355.73084    355.73247
 5510    355.71337    355.71526
 5520    355.69269    355.69497
 5530    355.66740    355.67024
 5540    355.63503    355.63876
 5550    355.59606    355.59752
 5560    355.58818    355.58891
 5570    355.58078    355.58154
 5580    355.57315    355.57393
 5590    355.56523    355.56604
 5600    355.55687    355.55773
 5610    355.54794    355.54887
 5620    355.53829    355.53930
 5630    355.52772    355.52883
 5640    355.51595    355.51720
 5650    355.50260    355.50404
 5660    355.48713    355.48881
 5670    355.46868    355.47072
 5680    355.44586    355.44843
 5690    355.41618    355.41963
 5700    355.38618    355.38688
 5710    355.37969    355.38035
 5720    355.37301    355.37369
 5730    355.36602    355.36674
 5740    355.35864    355.35940
 5750    355.35074    355.35157
 5760    355.34219    355.34309
 5770    355.33278    355.33377
 5780    355.32225    355.32337
 5790    355.31022    355.31152
 5800    355.29615    355.29769
 5810    355.27914    355.28104
 5820    355.25774    355.26018
 5830    355.22916    355.23254
 5840    355.19919    355.19981
 5850    355.19335    355.19395
 5860    355.18733    355.18795
 5870    355.18097    355.18163
 5880    355.17419    355.17490
 5890    355.16685    355.16762
 5900    355.15879    355.15964
 5910    355.14977    355.15074
 5920    355.13947    355.14058
 5930    355.12739    355.12871
 5940    355.11276    355.11439
 5950    355.09426    355.09638
 5960    355.06940    355.07235
 5970    355.04339    355.04394
 5980    355.03809    355.03863
 5990    355.03256    355.03313
 6000    355.02668    355.02729
 6010    355.02032    355.02099
 6020    355.01335    355.01408
 6030    355.00554    355.00637
 6040    354.99660    354.99757
 6050    354.98611    354.98726
 6060    354.97334    354.97477
 6070    354.95711    354.95897
 6080    354.93508    354.93771
 6090    354.91064    354.91115
 6100    354.90620    354.90665
 6110    354.90165    354.90211
 6120    354.89687    354.89737
 6130    354.89180    354.89233
 6140    354.88633    354.88691
 6150    354.88033    354.88097
 6160    354.87362    354.87434
 6170    354.86593    354.86676
 6180    354.85687    354.85786
 6190    354.84581    354.84705
 6200    354.83166    354.83329
 6210    354.81228    354.81461
 6220    354.78812    354.78869
 6230    354.78389    354.78433
 6240    354.77940    354.77987
 6250    354.77455    354.77506
 6260    354.76921    354.76977
 6270    354.76320    354.76384
 6280    354.75627    354.75702
 6290    354.74802    354.74893
 6300    354.73781    354.73896
 6310    354.72448    354.72604
 6320    354.70566    354.70797
 6330    354.68873    354.68909
 6340    354.68513    354.68550
 6350    354.68135    354.68174
 6360    354.67729    354.67772
 6370    354.67288    354.67334
 6380    354.66797    354.66849
 6390    354.66237    354.66298
 6400    354.65581    354.65653
 6410    354.64784    354.64873
 6420    354.63766    354.63883
 6430    354.62378    354.62545
 6440    354.60373    354.60545
 6450    354.59927    354.59957
 6460    354.59622    354.59653
 6470    354.59308    354.59340
 6480    354.58977    354.59012
 6490    354.58625    354.58662
 6500    354.58241    354.58281
 6510    354.57814    354.57859
 6520    354.57326    354.57379
 6530    354.56753    354.56816
 6540    354.56052    354.56131
 6550    354.55152    354.55256
 6560    354.53907    354.54058
 6570    354.52090    354.52233
 6580    354.51709    354.51736
 6590    354.51438    354.51466
 6600    354.51157    354.51186
 6610    354.50862    354.50893
 6620    354.50544    354.50578
 6630    354.50196    354.50233
 6640    354.49805    354.49847
 6650    354.49354    354.49403
 6660    354.48813    354.48873
 6670    354.48136    354.48213
 6680    354.47237    354.47343
 6690    354.45929    354.46092
 6700    354.44509    354.44535
 6710    354.44244    354.44271
 6720    354.43959    354.43989
 6730    354.43646    354.43680
 6740    354.43293    354.43331
 6750    354.42882    354.42927
 6760    354.42385    354.42440
 6770    354.41754    354.41826
 6780    354.40896    354.40999
 6790    354.39604    354.39769
 6800    354.38513    354.38537
 6810    354.38274    354.38299
 6820    354.38016    354.38043
 6830    354.37729    354.37760
 6840    354.37403    354.37438
 6850    354.37018    354.37060
 6860    354.36545    354.36598
 6870    354.35930    354.36001
 6880    354.35063    354.35169
 6890    354.33684    354.33856
 6900    354.33278    354.33298
 6910    354.33079    354.33100
 6920    354.32871    354.32893
 6930    354.32649    354.32672
 6940    354.32404    354.32430
 6950    354.32128    354.32158
 6960    354.31805    354.31841
 6970    354.31413    354.31457
 6980    354.30910    354.30968
 6990    354.30215    354.30299
 7000    354.29133    354.29274
 7010    354.28184    354.28202
 7020    354.28000    354.28019
 7030    354.27804    354.27824
 7040    354.27589    354.27612
 7050    354.27347    354.27373
 7060    354.27065    354.27096
 7070    354.26722    354.26760
 7080    354.26282    354.26333
 7090    354.25673    354.25747
 7100    354.24724    354.24848
 7110    354.23689    354.23706
 7120    354.23516    354.23534
 7130    354.23328    354.23348
 7140    354.23117    354.23140
 7150    354.22874    354.22900
 7160    354.22579    354.22612
 7170    354.22204    354.22247
 7180    354.21689    354.21751
 7190    354.20896    354.20999
 7200    354.19941    354.19956
 7210    354.19781    354.19797
 7220    354.19606    354.19625
 7230    354.19409    354.19431
 7240    354.19178    354.19204
 7250    354.18894    354.18926
 7260    354.18522    354.18565
 7270    354.17991    354.18057
 7280    354.17119    354.17237
 7290    354.16405    354.16418
 7300    354.16277    354.16290
 7310    354.16148    354.16161
 7320    354.16016    354.16030
 7330    354.15877    354.15891
 7340    354.15725    354.15741
 7350    354.15554    354.15572
 7360    354.15355    354.15377
 7370    354.15111    354.15138
 7380    354.14794    354.14831
 7390    354.14345    354.14400
 7400    354.13612    354.13711
 7410    354.12796    354.12808
 7420    354.12672    354.12685
 7430    354.12539    354.12553
 7440    354.12390    354.12406
 7450    354.12218    354.12237
 7460    354.12010    354.12033
 7470    354.11741    354.11772
 7480    354.11365    354.11411
 7490    354.10767    354.10846
 7500    354.09795    354.09813
 7510    354.09683    354.09695
 7520    354.09561    354.09574
 7530    354.09425    354.09440
 7540    354.09266    354.09283
 7550    354.09071    354.09093
 7560    354.08815    354.08845
 7570    354.08449    354.08494
 7580    354.07836    354.07920
 7590    354.07052    354.07062
 7600    354.06955    354.06964
 7610    354.06859    354.06869
 7620    354.06764    354.06774
 7630    354.06665    354.06675
 7640    354.06560    354.06571
 7650    354.06443    354.06456
 7660    354.06309    354.06324
 7670    354.06146    354.06164
 7680    354.05936    354.05961
 7690    354.05641    354.05678
 7700    354.05165    354.05229
 7710    354.04488    354.04498
 7720    354.04400    354.04409
 7730    354.04311    354.04320
 7740    354.04217    354.04227
 7750    354.04114    354.04125
 7760    354.03997    354.04010
 7770    354.03857    354.03872
 7780    354.03678    354.03699
 7790    354.03431    354.03461
 7800    354.03042    354.03094
 7810    354.02297    354.02384
 7820    354.02138    354.02146
 7830    354.02058    354.02066
 7840    354.01979    354.01987
 7850    354.01898    354.01906
 7860    354.01813    354.01822
 7870    354.01720    354.01730
 7880    354.01613    354.01625
 7890    354.01485    354.01499
 7900    354.01319    354.01339
 7910    354.01086    354.01115
 7920    354.00707    354.00758
 7930    353.99965    354.00026
 7940    353.99840    353.99848
 7950    353.99764    353.99772
 7960    353.99682    353.99690
 7970    353.99587    353.99598
 7980    353.99475    353.99487
 7990    353.99331    353.99347
 8000    353.99129    353.99154
 8010    353.98804    353.98848
 8020    353.98140    353.98231
 8030    353.97982    353.97990
 8040    353.97902    353.97911
 8050    353.97809    353.97820
 8060    353.97694    353.97708
 8070    353.97541    353.97559
 8080    353.97312    353.97341
 8090    353.96894    353.96955
 8100    353.96394    353.96401
 8110    353.96333    353.96339
 8120    353.96268    353.96275
 8130    353.96198    353.96205
 8140    353.96116    353.96125
 8150    353.96017    353.96028
 8160    353.95886    353.95901
 8170    353.95693    353.95717
 8180    353.95351    353.95399
 8190    353.94842    353.94849
 8200    353.94775    353.94782
 8210    353.94696    353.94705
 8220    353.94597    353.94608
 8230    353.94461    353.94477
 8240    353.94249    353.94277
 8250    353.93866    353.93894
 8260    353.93790    353.93795
 8270    353.93731    353.93737
 8280    353.93665    353.93672
 8290    353.93585    353.93594
 8300    353.93482    353.93494
 8310    353.93334    353.93353
 8320    353.93083    353.93118
 8330    353.92555    353.92582
 8340    353.92486    353.92491
 8350    353.92434    353.92439
 8360    353.92377    353.92383
 8370    353.92310    353.92318
 8380    353.92227    353.92236
 8390    353.92111    353.92125
 8400    353.91929    353.91953
 8410    353.91551    353.91611
 8420    353.91287    353.91292
 8430    353.91238    353.91244
 8440    353.91183    353.91189
 8450    353.91117    353.91125
 8460    353.91031    353.91041
 8470    353.90906    353.90922
 8480    353.90688    353.90719
 8490    353.90190    353.90220
 8500    353.90126    353.90130
 8510    353.90085    353.90089
 8520    353.90042    353.90047
 8530    353.89996    353.90001
 8540    353.89944    353.89950
 8550    353.89880    353.89887
 8560    353.89794    353.89804
 8570    353.89661    353.89678
 8580    353.89402    353.89441
 8590    353.89059    353.89063
 8600    353.89021    353.89025
 8610    353.88980    353.88985
 8620    353.88936    353.88940
 8630    353.88882    353.88888
 8640    353.88814    353.88822
 8650    353.88713    353.88726
 8660    353.88537    353.88562
 8670    353.88122    353.88151
 8680    353.88064    353.88068
 8690    353.88029    353.88033
 8700    353.87992    353.87996
 8710    353.87951    353.87956
 8720    353.87902    353.87908
 8730    353.87839    353.87847
 8740    353.87746    353.87758
 8750    353.87578    353.87602
 8760    353.87176    353.87186
 8770    353.87137    353.87140
 8780    353.87099    353.87103
 8790    353.87053    353.87058
 8800    353.86992    353.86999
 8810    353.86899    353.86911
 8820    353.86720    353.86747
 8830    353.86286    353.86291
 8840    353.86255    353.86258
 8850    353.86225    353.86228
 8860    353.86194    353.86197
 8870    353.86160    353.86163
 8880    353.86119    353.86124
 8890    353.86066    353.86072
 8900    353.85985    353.85995
 8910    353.85831    353.85854
 8920    353.85468    353.85474
 8930    353.85438    353.85441
 8940    353.85405    353.85408
 8950    353.85363    353.85368
 8960    353.85304    353.85311
 8970    353.85204    353.85218
 8980    353.84958    353.85003
 8990    353.84757    353.84760
 9000    353.84723    353.84727
 9010    353.84677    353.84682
 9020    353.84604    353.84614
 9030    353.84458    353.84479
 9040    353.84408    353.84411
 9050    353.84378    353.84381
 9060    353.84340    353.84344
 9070    353.84284    353.84291
 9080    353.84182    353.84197
 9090    353.83884    353.83939
 9100    353.83809    353.83811
 9110    353.83786    353.83788
 9120    353.83761    353.83764
 9130    353.83732    353.83735
 9140    353.83694    353.83698
 9150    353.83634    353.83642
 9160    353.83510    353.83529
 9170    353.83224    353.83227
 9180    353.83203    353.83205
 9190    353.83182    353.83184
 9200    353.83159    353.83161
 9210    353.83131    353.83134
 9220    353.83093    353.83098
 9230    353.83031    353.83040
 9240    353.82885    353.82910
 9250    353.82560    353.82561
 9260    353.82540    353.82542
 9270    353.82518    353.82520
 9280    353.82489    353.82493
 9290    353.82447    353.82453
 9300    353.82366    353.82378
 9310    353.82101    353.82129
 9320    353.82057    353.82058
 9330    353.82039    353.82041
 9340    353.82019    353.82021
 9350    353.81995    353.81997
 9360    353.81959    353.81964
 9370    353.81893    353.81903
 9380    353.81664    353.81719
 9390    353.81577    353.81578
 9400    353.81560    353.81562
 9410    353.81542    353.81544
 9420    353.81519    353.81521
 9430    353.81483    353.81488
 9440    353.81411    353.81422
 9450    353.81092    353.81149
 9460    353.81022    353.81024
 9470    353.81006    353.81008
 9480    353.80987    353.80990
 9490    353.80960    353.80964
 9500    353.80908    353.80916
 9510    353.80714    353.80763
 9520    353.80613    353.80614
 9530    353.80599    353.80601
 9540    353.80586    353.80587
 9550    353.80570    353.80572
 9560    353.80549    353.80552
 9570    353.80514    353.80519
 9580    353.80417    353.80436
 9590    353.80190    353.80192
 9600    353.80178    353.80180
 9610    353.80165    353.80166
 9620    353.80147    353.80149
 9630    353.80117    353.80121
 9640    353.80037    353.80053
 9650    353.79837    353.79838
 9660    353.79826    353.79827
 9670    353.79815    353.79816
 9680    353.79801    353.79803
 9690    353.79781    353.79784
 9700    353.79739    353.79746
 9710    353.79459    353.79567
    STEEPEST DESCENT HAS CONVERGED
1 molecule converted
